<response vcsRevisionKey="13928">
    <commits>
        <commit author="author" date="2008-02-26T14:02:02+0100">
            <comment>commit comment</comment>
            <files>
                <file name="/PL/trunk/ThePlugin/src/main/java/com/atlassian/theplugin/bamboo/HtmlBambooStatusListener.java" revision="13928"/>
                <file name="/PL/trunk/ThePlugin/src/main/java/com/atlassian/theplugin/idea/config/serverconfig/BambooGeneralPanel.java" revision="13928"/>
                <file name="/PL/trunk/ThePlugin/src/main/java/com/atlassian/theplugin/bamboo/BambooStatusChecker.java" revision="13928"/>
            </files>
        </commit>
    </commits>
    <failedTests>
        <testResult testClass="com.atlassian.theplugin.commons.bamboo.HtmlBambooStatusListenerTest" testMethod="testSingleSuccessResultForDisabledBuild" duration="0.012">
            <errors>
                <error>expected:&amp;lt;...ugin Default Plan &amp;gt; [PLAN-ID-777]&amp;gt; but was:&amp;lt;...ugin Default Plan &amp;gt; [Disabled]&amp;gt;
junit.framework.ComparisonFailure: expected:&amp;...ugin Default Plan &amp; [PLAN-ID-777]&amp; but was:&amp;...ugin Default Plan &amp; [Disabled]&amp;
	at junit.framework.Assert.assertEquals(Assert.java:81)
	at junit.framework.Assert.assertEquals(Assert.java:87)
	at
					com.atlassian.theplugin.commons.bamboo.HtmlBambooStatusListenerTest.testDisabledSuccessRow(HtmlBambooStatusListenerTest.java:163)
	at
					com.atlassian.theplugin.commons.bamboo.HtmlBambooStatusListenerTest.testSingleSuccessResultForDisabledBuild(HtmlBambooStatusListenerTest.java:101)
	at
					com.atlassian.theplugin.commons.bamboo.HtmlBambooStatusListenerTest.testSingleSuccessResultForDisabledBuild(HtmlBambooStatusListenerTest.java:101)
	at sun.reflect.NativeMethodAccessorImpl.invoke0(Native Method)
	at sun.reflect.NativeMethodAccessorImpl.invoke(NativeMethodAccessorImpl.java:39)
	at sun.reflect.DelegatingMethodAccessorImpl.invoke(DelegatingMethodAccessorImpl.java:25)
	at java.lang.reflect.Method.invoke(Method.java:597)
	at junit.framework.TestCase.runTest(TestCase.java:164)
	at junit.framework.TestCase.runBare(TestCase.java:130)
	at junit.framework.TestResult$1.protect(TestResult.java:106)
	at junit.framework.TestResult.runProtected(TestResult.java:124)
	at junit.framework.TestResult.run(TestResult.java:109)
	at junit.framework.TestCase.run(TestCase.java:120)
	at junit.framework.TestSuite.runTest(TestSuite.java:230)
	at junit.framework.TestSuite.run(TestSuite.java:225)
	at sun.reflect.GeneratedMethodAccessor10.invoke(Unknown Source)
	at sun.reflect.DelegatingMethodAccessorImpl.invoke(DelegatingMethodAccessorImpl.java:25)
	at java.lang.reflect.Method.invoke(Method.java:597)
	at org.apache.maven.surefire.junit.JUnitTestSet.execute(JUnitTestSet.java:213)
	at org.apache.maven.surefire.suite.AbstractDirectoryTestSuite.executeTestSet(AbstractDirectoryTestSuite.java:138)
	at org.apache.maven.surefire.suite.AbstractDirectoryTestSuite.execute(AbstractDirectoryTestSuite.java:125)
	at org.apache.maven.surefire.Surefire.run(Surefire.java:132)
	at sun.reflect.NativeMethodAccessorImpl.invoke0(Native Method)
	at sun.reflect.NativeMethodAccessorImpl.invoke(NativeMethodAccessorImpl.java:39)
	at sun.reflect.DelegatingMethodAccessorImpl.invoke(DelegatingMethodAccessorImpl.java:25)
	at java.lang.reflect.Method.invoke(Method.java:597)
	at org.apache.maven.surefire.booter.SurefireBooter.runSuitesInProcess(SurefireBooter.java:290)
	at org.apache.maven.surefire.booter.SurefireBooter.main(SurefireBooter.java:818)
</error>
            </errors>
        </testResult>
        <testResult testClass="com.atlassian.theplugin.commons.bamboo.HtmlBambooStatusListenerTest" testMethod="testSingleFailedResultForDisabledBuild" duration="0.011">
            <errors>
                <error>expected:&amp;lt;...ugin Default Plan &amp;gt; [PLAN-ID-777]&amp;gt; but was:&amp;lt;...ugin Default Plan &amp;gt; [Disabled]&amp;gt;
junit.framework.ComparisonFailure: expected:&amp;...ugin Default Plan &amp; [PLAN-ID-777]&amp; but was:&amp;...ugin Default Plan &amp; [Disabled]&amp;
	at junit.framework.Assert.assertEquals(Assert.java:81)
	at junit.framework.Assert.assertEquals(Assert.java:87)
	at
					com.atlassian.theplugin.commons.bamboo.HtmlBambooStatusListenerTest.testDisabledFailedRow(HtmlBambooStatusListenerTest.java:196)
	at
					com.atlassian.theplugin.commons.bamboo.HtmlBambooStatusListenerTest.testSingleFailedResultForDisabledBuild(HtmlBambooStatusListenerTest.java:127)
	at
					com.atlassian.theplugin.commons.bamboo.HtmlBambooStatusListenerTest.testSingleFailedResultForDisabledBuild(HtmlBambooStatusListenerTest.java:127)
	at sun.reflect.NativeMethodAccessorImpl.invoke0(Native Method)
	at sun.reflect.NativeMethodAccessorImpl.invoke(NativeMethodAccessorImpl.java:39)
	at sun.reflect.DelegatingMethodAccessorImpl.invoke(DelegatingMethodAccessorImpl.java:25)
	at java.lang.reflect.Method.invoke(Method.java:597)
	at junit.framework.TestCase.runTest(TestCase.java:164)
	at junit.framework.TestCase.runBare(TestCase.java:130)
	at junit.framework.TestResult$1.protect(TestResult.java:106)
	at junit.framework.TestResult.runProtected(TestResult.java:124)
	at junit.framework.TestResult.run(TestResult.java:109)
	at junit.framework.TestCase.run(TestCase.java:120)
	at junit.framework.TestSuite.runTest(TestSuite.java:230)
	at junit.framework.TestSuite.run(TestSuite.java:225)
	at sun.reflect.GeneratedMethodAccessor10.invoke(Unknown Source)
	at sun.reflect.DelegatingMethodAccessorImpl.invoke(DelegatingMethodAccessorImpl.java:25)
	at java.lang.reflect.Method.invoke(Method.java:597)
	at org.apache.maven.surefire.junit.JUnitTestSet.execute(JUnitTestSet.java:213)
	at org.apache.maven.surefire.suite.AbstractDirectoryTestSuite.executeTestSet(AbstractDirectoryTestSuite.java:138)
	at org.apache.maven.surefire.suite.AbstractDirectoryTestSuite.execute(AbstractDirectoryTestSuite.java:125)
	at org.apache.maven.surefire.Surefire.run(Surefire.java:132)
	at sun.reflect.NativeMethodAccessorImpl.invoke0(Native Method)
	at sun.reflect.NativeMethodAccessorImpl.invoke(NativeMethodAccessorImpl.java:39)
	at sun.reflect.DelegatingMethodAccessorImpl.invoke(DelegatingMethodAccessorImpl.java:25)
	at java.lang.reflect.Method.invoke(Method.java:597)
	at org.apache.maven.surefire.booter.SurefireBooter.runSuitesInProcess(SurefireBooter.java:290)
	at org.apache.maven.surefire.booter.SurefireBooter.main(SurefireBooter.java:818)
</error>
            </errors>
        </testResult>
    </failedTests>
    <successfulTests>
    </successfulTests>
</response>