<response vcsRevisionKey="13928">
	<commits>
	</commits>
	<failedTests>
		<testResult testClass="com.atlassian.theplugin.commons.bamboo.HtmlBambooStatusListenerTest"
					testMethod="testSingleSuccessResultForDisabledBuild" duration="0.012">
			<errors>
				<error>expected:&amp;lt;...ugin Default Plan &amp;gt; [PLAN-ID-777]&amp;gt; but was:&amp;lt;...ugin Default Plan
					&amp;gt; [Disabled]&amp;gt;
					junit.framework.ComparisonFailure: expected:&amp;...ugin Default Plan &amp; [PLAN-ID-777]&amp; but was:&amp;...ugin
					Default Plan &amp; [Disabled]&amp;
					at junit.framework.Assert.assertEquals(Assert.java:81)
					at junit.framework.Assert.assertEquals(Assert.java:87)
					at
					com.atlassian.theplugin.commons.bamboo.HtmlBambooStatusListenerTest.testDisabledSuccessRow(HtmlBambooStatusListenerTest.java:163)
					at
					com.atlassian.theplugin.commons.bamboo.HtmlBambooStatusListenerTest.testSingleSuccessResultForDisabledBuild(HtmlBambooStatusListenerTest.java:101)
					at
					com.atlassian.theplugin.commons.bamboo.HtmlBambooStatusListenerTest.testSingleSuccessResultForDisabledBuild(HtmlBambooStatusListenerTest.java:101)
					at sun.reflect.NativeMethodAccessorImpl.invoke0(Native Method)
					at sun.reflect.NativeMethodAccessorImpl.invoke(NativeMethodAccessorImpl.java:39)
					at sun.reflect.DelegatingMethodAccessorImpl.invoke(DelegatingMethodAccessorImpl.java:25)
					at java.lang.reflect.Method.invoke(Method.java:597)
					at junit.framework.TestCase.runTest(TestCase.java:164)
					at junit.framework.TestCase.runBare(TestCase.java:130)
					at junit.framework.TestResult$1.protect(TestResult.java:106)
					at junit.framework.TestResult.runProtected(TestResult.java:124)
					at junit.framework.TestResult.run(TestResult.java:109)
					at junit.framework.TestCase.run(TestCase.java:120)
					at junit.framework.TestSuite.runTest(TestSuite.java:230)
					at junit.framework.TestSuite.run(TestSuite.java:225)
					at sun.reflect.GeneratedMethodAccessor10.invoke(Unknown Source)
					at sun.reflect.DelegatingMethodAccessorImpl.invoke(DelegatingMethodAccessorImpl.java:25)
					at java.lang.reflect.Method.invoke(Method.java:597)
					at org.apache.maven.surefire.junit.JUnitTestSet.execute(JUnitTestSet.java:213)
					at
					org.apache.maven.surefire.suite.AbstractDirectoryTestSuite.executeTestSet(AbstractDirectoryTestSuite.java:138)
					at org.apache.maven.surefire.suite.AbstractDirectoryTestSuite.execute(AbstractDirectoryTestSuite.java:125)
					at org.apache.maven.surefire.Surefire.run(Surefire.java:132)
					at sun.reflect.NativeMethodAccessorImpl.invoke0(Native Method)
					at sun.reflect.NativeMethodAccessorImpl.invoke(NativeMethodAccessorImpl.java:39)
					at sun.reflect.DelegatingMethodAccessorImpl.invoke(DelegatingMethodAccessorImpl.java:25)
					at java.lang.reflect.Method.invoke(Method.java:597)
					at org.apache.maven.surefire.booter.SurefireBooter.runSuitesInProcess(SurefireBooter.java:290)
					at org.apache.maven.surefire.booter.SurefireBooter.main(SurefireBooter.java:818)
				</error>
			</errors>
		</testResult>
		<testResult testClass="com.atlassian.theplugin.commons.bamboo.HtmlBambooStatusListenerTest"
					testMethod="testSingleFailedResultForDisabledBuild" duration="0.011">
			<errors>
				<error>expected:&amp;lt;...ugin Default Plan &amp;gt; [PLAN-ID-777]&amp;gt; but was:&amp;lt;...ugin Default Plan
					&amp;gt; [Disabled]&amp;gt;
					junit.framework.ComparisonFailure: expected:&amp;...ugin Default Plan &amp; [PLAN-ID-777]&amp; but was:&amp;...ugin
					Default Plan &amp; [Disabled]&amp;
					at junit.framework.Assert.assertEquals(Assert.java:81)
					at junit.framework.Assert.assertEquals(Assert.java:87)
					at
					com.atlassian.theplugin.commons.bamboo.HtmlBambooStatusListenerTest.testDisabledFailedRow(HtmlBambooStatusListenerTest.java:196)
					at
					com.atlassian.theplugin.commons.bamboo.HtmlBambooStatusListenerTest.testSingleFailedResultForDisabledBuild(HtmlBambooStatusListenerTest.java:127)
					at
					com.atlassian.theplugin.commons.bamboo.HtmlBambooStatusListenerTest.testSingleFailedResultForDisabledBuild(HtmlBambooStatusListenerTest.java:127)
					at sun.reflect.NativeMethodAccessorImpl.invoke0(Native Method)
					at sun.reflect.NativeMethodAccessorImpl.invoke(NativeMethodAccessorImpl.java:39)
					at sun.reflect.DelegatingMethodAccessorImpl.invoke(DelegatingMethodAccessorImpl.java:25)
					at java.lang.reflect.Method.invoke(Method.java:597)
					at junit.framework.TestCase.runTest(TestCase.java:164)
					at junit.framework.TestCase.runBare(TestCase.java:130)
					at junit.framework.TestResult$1.protect(TestResult.java:106)
					at junit.framework.TestResult.runProtected(TestResult.java:124)
					at junit.framework.TestResult.run(TestResult.java:109)
					at junit.framework.TestCase.run(TestCase.java:120)
					at junit.framework.TestSuite.runTest(TestSuite.java:230)
					at junit.framework.TestSuite.run(TestSuite.java:225)
					at sun.reflect.GeneratedMethodAccessor10.invoke(Unknown Source)
					at sun.reflect.DelegatingMethodAccessorImpl.invoke(DelegatingMethodAccessorImpl.java:25)
					at java.lang.reflect.Method.invoke(Method.java:597)
					at org.apache.maven.surefire.junit.JUnitTestSet.execute(JUnitTestSet.java:213)
					at
					org.apache.maven.surefire.suite.AbstractDirectoryTestSuite.executeTestSet(AbstractDirectoryTestSuite.java:138)
					at org.apache.maven.surefire.suite.AbstractDirectoryTestSuite.execute(AbstractDirectoryTestSuite.java:125)
					at org.apache.maven.surefire.Surefire.run(Surefire.java:132)
					at sun.reflect.NativeMethodAccessorImpl.invoke0(Native Method)
					at sun.reflect.NativeMethodAccessorImpl.invoke(NativeMethodAccessorImpl.java:39)
					at sun.reflect.DelegatingMethodAccessorImpl.invoke(DelegatingMethodAccessorImpl.java:25)
					at java.lang.reflect.Method.invoke(Method.java:597)
					at org.apache.maven.surefire.booter.SurefireBooter.runSuitesInProcess(SurefireBooter.java:290)
					at org.apache.maven.surefire.booter.SurefireBooter.main(SurefireBooter.java:818)
				</error>
			</errors>
		</testResult>
	</failedTests>
	<successfulTests>
		<testResult testClass="com.atlassian.theplugin.commons.bamboo.BambooServerFacadeTest" testMethod="testProjectList"
					duration="0.046">
		</testResult>
		<testResult testClass="com.atlassian.theplugin.configuration.ConfigurationTest" testMethod="testProjectSettings"
					duration="0.001">
		</testResult>
		<testResult testClass="com.atlassian.theplugin.crucible.api.rest.CrucibleSessionTest"
					testMethod="testGetMissingReviewsInStates" duration="0.01">
		</testResult>
		<testResult testClass="com.atlassian.theplugin.idea.NewVersionCheckerTest" testMethod="testGetLatestVersion"
					duration="0.179">
		</testResult>
		<testResult testClass="com.atlassian.theplugin.idea.GenericServerConfigurationFormTest"
					testMethod="testGenericSetGetData" duration="0.008">
		</testResult>
		<testResult testClass="com.atlassian.theplugin.commons.bamboo.api.BambooSessionTest"
					testMethod="testBuildForPlanFailure" duration="0.015">
		</testResult>
		<testResult testClass="com.atlassian.theplugin.crucible.ReviewDataInfoImplTest" testMethod="testSetGetReviewers"
					duration="0.001">
		</testResult>
		<testResult testClass="com.atlassian.theplugin.commons.bamboo.api.BambooSessionSslTest"
					testMethod="testSuccessBambooLoginOnSSL" duration="0.336">
		</testResult>
		<testResult testClass="com.atlassian.theplugin.idea.crucible.CruciblePatchSubmitCommitSessionTest"
					testMethod="testDiffAtFileStart" duration="0.001">
		</testResult>
		<testResult testClass="com.atlassian.theplugin.commons.bamboo.BambooStatusListenerTest"
					testMethod="testSingleBuildSucceed" duration="0.001">
		</testResult>
		<testResult testClass="com.atlassian.theplugin.crucible.api.rest.CrucibleSessionTest"
					testMethod="testCreateReviewFromNullPatch" duration="0.012">
		</testResult>
		<testResult testClass="com.atlassian.theplugin.commons.bamboo.api.BambooSessionTest" testMethod="testSuccessBambooLogin"
					duration="0.061">
		</testResult>
		<testResult testClass="com.atlassian.theplugin.commons.bamboo.api.BambooSessionTest" testMethod="testFavouritePlanList"
					duration="0.015">
		</testResult>
		<testResult testClass="com.atlassian.theplugin.crucible.api.rest.CrucibleSessionTest"
					testMethod="testGetReviewsInStatesMalformedResponse" duration="0.21">
		</testResult>
		<testResult testClass="com.atlassian.theplugin.commons.jira.api.JIRAXmlRpcClientTest" testMethod="testLogin" duration="0.035">
		</testResult>
		<testResult testClass="com.atlassian.theplugin.crucible.api.rest.CrucibleSessionTest"
					testMethod="testGetReviewersInvalidId" duration="0.11">
		</testResult>
		<testResult testClass="com.atlassian.theplugin.crucible.CrucibleServerFacadeTest" testMethod="testGetAllReviews"
					duration="0.001">
		</testResult>
		<testResult testClass="com.atlassian.theplugin.crucible.CrucibleServerFacadeTest"
					testMethod="testCreateReviewWithInvalidProjectKey" duration="0">
		</testResult>
		<testResult testClass="com.atlassian.theplugin.crucible.api.rest.CrucibleSessionTest"
					testMethod="testGetReviewsInStates" duration="0.011">
		</testResult>
		<testResult testClass="com.atlassian.theplugin.commons.bamboo.api.BambooSessionTest"
					testMethod="testNonExistingServerBambooLogin" duration="0.004">
		</testResult>
		<testResult testClass="com.atlassian.theplugin.crucible.ReviewDataInfoImplTest" testMethod="testEqualsAndHashcode"
					duration="0.002">
		</testResult>
		<testResult testClass="com.atlassian.theplugin.commons.bamboo.api.BambooSessionTest"
					testMethod="testWrongParamsBambooLogin" duration="0.001">
		</testResult>
		<testResult testClass="com.atlassian.theplugin.commons.bamboo.BambooServerFacadeTest" testMethod="testFailedProjectList"
					duration="0.01">
		</testResult>
		<testResult testClass="com.atlassian.theplugin.commons.bamboo.BambooServerFacadeTest" testMethod="testPlanList"
					duration="0.027">
		</testResult>
		<testResult testClass="com.atlassian.theplugin.crucible.api.rest.CrucibleSessionTest" testMethod="testCreateReview"
					duration="0.019">
		</testResult>
		<testResult testClass="com.atlassian.theplugin.jira.api.JIRAIssueBeanTest" testMethod="testFromXml" duration="0.002">
		</testResult>
		<testResult testClass="com.atlassian.theplugin.commons.bamboo.BambooStatusListenerTest"
					testMethod="testSingleBuildFailed" duration="0.029">
		</testResult>
		<testResult testClass="com.atlassian.theplugin.commons.bamboo.BambooServerFacadeTest"
					testMethod="testBambooConnectionWithEmptyPlan" duration="0.012">
		</testResult>
		<testResult testClass="com.atlassian.theplugin.configuration.ConfigurationTest" testMethod="testConfiguration"
					duration="0.001">
		</testResult>
		<testResult testClass="com.atlassian.theplugin.crucible.api.rest.CrucibleSessionTest"
					testMethod="testCreateReviewFromEmptyPatch" duration="0.013">
		</testResult>
		<testResult testClass="com.atlassian.theplugin.idea.BambooServerConfigurationFormTest" testMethod="testBambooSetGetData"
					duration="0.016">
		</testResult>
		<testResult testClass="com.atlassian.theplugin.crucible.api.HtmlCrucibleStatusListenerTest"
					testMethod="testNullStatusCollection" duration="0.686">
		</testResult>
		<testResult testClass="com.atlassian.theplugin.crucible.api.rest.CrucibleSessionTest"
					testMethod="testCreateReviewErrorResponse" duration="0.006">
		</testResult>
		<testResult testClass="com.atlassian.theplugin.crucible.CrucibleServerFacadeTest"
					testMethod="testCreateReviewFromPatchWithInvalidProjectKey" duration="0">
		</testResult>
		<testResult testClass="com.atlassian.theplugin.crucible.api.rest.CrucibleSessionTest"
					testMethod="testWrongUserCrucibleLogin" duration="0.006">
		</testResult>
		<testResult testClass="com.atlassian.theplugin.commons.bamboo.BambooStatusListenerTest"
					testMethod="testSingleBuildFailed2OK" duration="0.001">
		</testResult>
		<testResult testClass="com.atlassian.theplugin.crucible.api.rest.CrucibleSessionTest"
					testMethod="testGetEmptyRequestReviewsInStates" duration="0.01">
		</testResult>
		<testResult testClass="com.atlassian.theplugin.commons.bamboo.BambooStatusListenerTest"
					testMethod="testMultipleOK2Failed" duration="0.002">
		</testResult>
		<testResult testClass="com.atlassian.theplugin.crucible.ReviewDataInfoImplTest" testMethod="testGetServer" duration="0">
		</testResult>
		<testResult testClass="com.atlassian.theplugin.crucible.api.rest.CrucibleSessionTest"
					testMethod="testWrongParamsCrucibleLogin" duration="0.001">
		</testResult>
		<testResult testClass="com.atlassian.theplugin.crucible.api.rest.CrucibleSessionTest"
					testMethod="testCreateReviewMalformedResponse" duration="0.01">
		</testResult>
		<testResult testClass="com.atlassian.theplugin.commons.bamboo.BambooServerFacadeTest" testMethod="testConnectionTest"
					duration="0.02">
		</testResult>
		<testResult testClass="com.atlassian.theplugin.crucible.api.rest.CrucibleSessionTest" testMethod="testGetEmptyReviewers"
					duration="0.111">
		</testResult>
		<testResult testClass="com.atlassian.theplugin.jira.api.JIRARssClientTest" testMethod="testAssignedIssues"
					duration="0.207">
		</testResult>
		<testResult testClass="com.atlassian.theplugin.crucible.CrucibleServerFacadeConnectionTest"
					testMethod="testConnectionTestFailedEmptyUrl" duration="0.001">
		</testResult>
		<testResult testClass="com.atlassian.theplugin.crucible.api.rest.CrucibleSessionTest" testMethod="testGetAllTypeReviews"
					duration="0.022">
		</testResult>
		<testResult testClass="com.atlassian.theplugin.crucible.CrucibleServerFacadeTest" testMethod="testCreateReviewFromPatch"
					duration="0">
		</testResult>
		<testResult testClass="com.atlassian.theplugin.crucible.api.rest.CrucibleSessionTest" testMethod="testGetEmptyReviews"
					duration="0.011">
		</testResult>
		<testResult testClass="com.atlassian.theplugin.crucible.CrucibleServerFacadeConnectionTest"
					testMethod="testConnectionTestFailed" duration="0.01">
		</testResult>
		<testResult testClass="com.atlassian.theplugin.configuration.ConfigurationBeanTest" testMethod="testPersistence"
					duration="0.051">
		</testResult>
		<testResult testClass="com.atlassian.theplugin.idea.crucible.CruciblePatchSubmitCommitSessionTest"
					testMethod="testDiffMixed" duration="0.001">
		</testResult>
		<testResult testClass="com.atlassian.theplugin.configuration.ConfigurationBeanTest" testMethod="testBean" duration="0">
		</testResult>
		<testResult testClass="com.atlassian.theplugin.commons.bamboo.HtmlBambooStatusListenerTest"
					testMethod="testNullStatusCollection" duration="0.012">
		</testResult>
		<testResult testClass="com.atlassian.theplugin.commons.bamboo.HtmlBambooStatusListenerTest"
					testMethod="testSingleErrorResult" duration="0.012">
		</testResult>
		<testResult testClass="com.atlassian.theplugin.crucible.api.rest.CrucibleSessionTest"
					testMethod="testFailedCrucibleLogin" duration="0.006">
		</testResult>
		<testResult testClass="com.atlassian.theplugin.commons.bamboo.api.BambooSessionTest" testMethod="testProjectList"
					duration="0.017">
		</testResult>
		<testResult testClass="com.atlassian.theplugin.crucible.api.rest.CrucibleSessionTest"
					testMethod="testGetAllReviewsMalformedResponse" duration="0.008">
		</testResult>
		<testResult testClass="com.atlassian.theplugin.configuration.ConfigurationTest" testMethod="testServerBeanClone"
					duration="0">
		</testResult>
		<testResult testClass="com.atlassian.theplugin.commons.bamboo.BambooServerFacadeTest"
					testMethod="testFailedLoginSubscribedBuildStatus" duration="0.015">
		</testResult>
		<testResult testClass="com.atlassian.theplugin.crucible.CrucibleServerFacadeTest" testMethod="testCreateReview"
					duration="0.008">
		</testResult>
		<testResult testClass="com.atlassian.theplugin.idea.GenericServerConfigurationFormTest"
					testMethod="testBambooFormFieldSetting" duration="0.004">
		</testResult>
		<testResult testClass="com.atlassian.theplugin.crucible.CrucibleServerFacadeTest" testMethod="testConnectionTestFailed"
					duration="0.001">
		</testResult>
		<testResult testClass="com.atlassian.theplugin.commons.bamboo.api.BambooSessionTest" testMethod="testPlanList"
					duration="0.017">
		</testResult>
		<testResult testClass="com.atlassian.theplugin.crucible.api.rest.CrucibleSessionTest"
					testMethod="testWrongUrlBambooLogin" duration="0.003">
		</testResult>
		<testResult testClass="com.atlassian.theplugin.crucible.api.rest.CrucibleSessionTest"
					testMethod="testCreateReviewFromPatchMalformedResponse" duration="0.009">
		</testResult>
		<testResult testClass="com.atlassian.theplugin.crucible.api.rest.CrucibleSessionTest"
					testMethod="testLoginMalformedResponse" duration="0.007">
		</testResult>
		<testResult testClass="com.atlassian.theplugin.commons.bamboo.BambooStatusListenerTest"
					testMethod="testMultipleFailed2OK" duration="0.001">
		</testResult>
		<testResult testClass="com.atlassian.theplugin.commons.bamboo.api.BambooSessionTest"
					testMethod="testBuildForPlanSuccess" duration="0.017">
		</testResult>
		<testResult testClass="com.atlassian.theplugin.commons.bamboo.BambooStatusListenerTest" testMethod="testMultiple"
					duration="0.005">
		</testResult>
		<testResult testClass="com.atlassian.theplugin.crucible.ReviewDataInfoImplTest" testMethod="testSetGetReviewData"
					duration="0">
		</testResult>
		<testResult testClass="com.atlassian.theplugin.crucible.api.rest.CrucibleSessionTest"
					testMethod="testSuccessCrucibleLogin" duration="0.031">
		</testResult>
		<testResult testClass="com.atlassian.theplugin.crucible.api.rest.CrucibleSessionTest" testMethod="testGetReviewers"
					duration="0.111">
		</testResult>
		<testResult testClass="com.atlassian.theplugin.commons.bamboo.BambooStatusCheckerTest" testMethod="testLogic"
					duration="0.024">
		</testResult>
		<testResult testClass="com.atlassian.theplugin.commons.bamboo.HtmlBambooStatusListenerTest"
					testMethod="testEmptyStatusCollection" duration="0.005">
		</testResult>
		<testResult testClass="com.atlassian.theplugin.idea.PluginDownloaderTest" testMethod="testDownloadPluginFromServer"
					duration="0.271">
		</testResult>
		<testResult testClass="com.atlassian.theplugin.crucible.api.rest.CrucibleSessionTest"
					testMethod="testMethodCallWithoutLogin" duration="0.002">
		</testResult>
		<testResult testClass="com.atlassian.theplugin.commons.bamboo.HtmlBambooStatusListenerTest"
					testMethod="testSingleFailedResult" duration="0.018">
		</testResult>
		<testResult testClass="com.atlassian.theplugin.idea.crucible.CruciblePatchSubmitCommitSessionTest"
					testMethod="testDiffMixed2" duration="0.003">
		</testResult>
		<testResult testClass="com.atlassian.theplugin.commons.bamboo.api.BambooSessionTest"
					testMethod="testWrongUserBambooLogin" duration="0.007">
		</testResult>
		<testResult testClass="com.atlassian.theplugin.crucible.api.rest.CrucibleSessionTest"
					testMethod="testGetEmptyReviewsForType" duration="0.015">
		</testResult>
		<testResult testClass="com.atlassian.theplugin.crucible.api.rest.CrucibleSessionTest"
					testMethod="testSuccessBambooLoginURLWithSlash" duration="0.005">
		</testResult>
		<testResult testClass="com.atlassian.theplugin.commons.bamboo.HtmlBambooStatusListenerTest"
					testMethod="testSingleSuccessResult" duration="0.021">
		</testResult>
		<testResult testClass="com.atlassian.theplugin.commons.bamboo.BambooServerFacadeTest"
					testMethod="testUninitializedPassword" duration="0.023">
		</testResult>
		<testResult testClass="com.atlassian.theplugin.crucible.CrucibleServerFacadeTest"
					testMethod="testGetActiveReviewsForUser" duration="0.002">
		</testResult>
		<testResult testClass="com.atlassian.theplugin.commons.bamboo.api.BambooSessionTest"
					testMethod="testSuccessBambooLoginURLWithSlash" duration="0.025">
		</testResult>
		<testResult testClass="com.atlassian.theplugin.crucible.CrucibleServerFacadeConnectionTest"
					testMethod="testFailedLoginGetAllReviews" duration="0.006">
		</testResult>
		<testResult testClass="com.atlassian.theplugin.crucible.CrucibleServerFacadeConnectionTest"
					testMethod="testConnectionTestFailedNullUser" duration="0.001">
		</testResult>
		<testResult testClass="com.atlassian.theplugin.commons.bamboo.api.BambooSessionTest"
					testMethod="testMalformedUrlBambooLogin" duration="0.009">
		</testResult>
		<testResult testClass="com.atlassian.theplugin.idea.BambooServerConfigurationFormTest"
					testMethod="testBambooFormIsModified" duration="0.114">
		</testResult>
		<testResult testClass="com.atlassian.theplugin.crucible.ReviewDataInfoImplTest" testMethod="testGetReviewUrl"
					duration="0.008">
		</testResult>
		<testResult testClass="com.atlassian.theplugin.crucible.api.rest.CrucibleSessionTest"
					testMethod="testGetReviewersMalformedResponse" duration="0.009">
		</testResult>
		<testResult testClass="com.atlassian.theplugin.commons.bamboo.BambooServerFacadeTest"
					testMethod="testSubscribedBuildStatus" duration="0.059">
		</testResult>
		<testResult testClass="com.atlassian.theplugin.commons.bamboo.BambooStatusCheckerTest" testMethod="testGetInterval"
					duration="0.002">
		</testResult>
		<testResult testClass="com.atlassian.theplugin.crucible.api.rest.CrucibleSessionTest"
					testMethod="testSuccessCrucibleDoubleLogin" duration="0.008">
		</testResult>
		<testResult testClass="com.atlassian.theplugin.commons.bamboo.BambooServerFacadeTest" testMethod="testFailedPlanList"
					duration="0.008">
		</testResult>
		<testResult testClass="com.atlassian.theplugin.commons.bamboo.BambooStatusCheckerTest" testMethod="testNewTimerTask"
					duration="0">
		</testResult>
		<testResult testClass="com.atlassian.theplugin.commons.bamboo.BambooStatusListenerTest"
					testMethod="testSingleBuildUnknown" duration="0">
		</testResult>
		<testResult testClass="com.atlassian.theplugin.commons.bamboo.api.BambooSessionTest" testMethod="testNullParamsLogin"
					duration="0.002">
		</testResult>
		<testResult testClass="com.atlassian.theplugin.crucible.CrucibleServerFacadeConnectionTest"
					testMethod="testConnectionTestSucceed" duration="0.007">
		</testResult>
		<testResult testClass="com.atlassian.theplugin.commons.bamboo.api.BambooSessionTest"
					testMethod="testBuildForNonExistingPlan" duration="0.015">
		</testResult>
		<testResult testClass="com.atlassian.theplugin.commons.bamboo.api.BambooSessionTest"
					testMethod="testWrongUrlBambooLogin" duration="0.004">
		</testResult>
		<testResult testClass="com.atlassian.theplugin.commons.bamboo.BambooStatusListenerTest"
					testMethod="testSingleBuildSequence" duration="0.001">
		</testResult>
		<testResult testClass="com.atlassian.theplugin.crucible.api.HtmlCrucibleStatusListenerTest"
					testMethod="testSingleSuccessResult" duration="0.036">
		</testResult>
		<testResult testClass="com.atlassian.theplugin.crucible.CrucibleServerFacadeTest" testMethod="testConnectionTestSucceed"
					duration="0">
		</testResult>
		<testResult testClass="com.atlassian.theplugin.idea.crucible.CruciblePatchSubmitCommitSessionTest"
					testMethod="testGenerateUnifiedPatch" duration="0.023">
		</testResult>
		<testResult testClass="com.atlassian.theplugin.crucible.api.rest.CrucibleSessionTest"
					testMethod="testLoginInternalErrorResponse" duration="0.003">
		</testResult>
		<testResult testClass="com.atlassian.theplugin.idea.GenericServerConfigurationFormTest"
					testMethod="testBambooFormIsModified" duration="0.008">
		</testResult>
		<testResult testClass="com.atlassian.theplugin.crucible.api.rest.CrucibleSessionTest"
					testMethod="testCreateReviewFromPatch" duration="0.014">
		</testResult>
		<testResult testClass="com.atlassian.theplugin.crucible.api.rest.CrucibleSessionTest" testMethod="testNullLoginLogin"
					duration="0.002">
		</testResult>
		<testResult testClass="com.atlassian.theplugin.crucible.api.rest.CrucibleSessionTest"
					testMethod="testNonExistingServerBambooLogin" duration="0.001">
		</testResult>
		<testResult testClass="com.atlassian.theplugin.crucible.api.HtmlCrucibleStatusListenerTest"
					testMethod="testEmptyStatusCollection" duration="0.011">
		</testResult>
		<testResult testClass="com.atlassian.theplugin.idea.BambooServerConfigurationFormTest"
					testMethod="testBambooFormFieldSetting" duration="0.082">
		</testResult>
		<testResult testClass="com.atlassian.theplugin.crucible.api.rest.CrucibleSessionTest"
					testMethod="testSuccessCrucibleLogout" duration="0.008">
		</testResult>
		<testResult testClass="com.atlassian.theplugin.crucible.api.rest.CrucibleSessionTest"
					testMethod="testMalformedUrlCrucibleLogin" duration="0.002">
		</testResult>
		<testResult testClass="com.atlassian.theplugin.crucible.api.rest.CrucibleSessionTest" testMethod="testNullParamsLogin"
					duration="0.002">
		</testResult>
		<testResult testClass="com.atlassian.theplugin.commons.bamboo.BambooStatusListenerTest"
					testMethod="testSingleBuildOK2Failed" duration="0.011">
		</testResult>
		<testResult testClass="com.atlassian.theplugin.crucible.CrucibleServerFacadeConnectionTest"
					testMethod="testConnectionTestFailedNullPassword" duration="0.001">
		</testResult>
	</successfulTests>
</response>